# JRE version: Java(TM) SE Runtime Environment (13.0+33) (build 13+33)
# Java VM: Java HotSpot(TM) 64-Bit Server VM (13+33, mixed mode, sharing, tiered, compressed oops, g1 gc, windows-amd64)
Heap:
 garbage-first heap   total 134144K, used 79509K [0x0000000082200000, 0x0000000100000000)
  region size 1024K, 35 young (35840K), 1 survivors (1024K)
 Metaspace       used 66576K, capacity 68482K, committed 68528K, reserved 1107968K
  class space    used 8746K, capacity 9468K, committed 9472K, reserved 1048576K
GC Heap History (20 events):
Event: 14.386 GC heap before
{Heap before GC invocations=26 (full 0):
 garbage-first heap   total 78848K, used 58411K [0x0000000082200000, 0x0000000100000000)
  region size 1024K, 33 young (33792K), 4 survivors (4096K)
 Metaspace       used 63472K, capacity 65251K, committed 65328K, reserved 1105920K
  class space    used 8366K, capacity 9079K, committed 9088K, reserved 1048576K
}
Event: 14.391 GC heap after
{Heap after GC invocations=27 (full 0):
 garbage-first heap   total 78848K, used 29061K [0x0000000082200000, 0x0000000100000000)
  region size 1024K, 3 young (3072K), 3 survivors (3072K)
 Metaspace       used 63472K, capacity 65251K, committed 65328K, reserved 1105920K
  class space    used 8366K, capacity 9079K, committed 9088K, reserved 1048576K
}
Event: 14.740 GC heap before
{Heap before GC invocations=27 (full 0):
 garbage-first heap   total 78848K, used 60805K [0x0000000082200000, 0x0000000100000000)
  region size 1024K, 33 young (33792K), 3 survivors (3072K)
 Metaspace       used 64018K, capacity 65744K, committed 65968K, reserved 1105920K
  class space    used 8421K, capacity 9115K, committed 9216K, reserved 1048576K
}
Event: 14.746 GC heap after
{Heap after GC invocations=28 (full 0):
 garbage-first heap   total 78848K, used 34123K [0x0000000082200000, 0x0000000100000000)
  region size 1024K, 5 young (5120K), 5 survivors (5120K)
 Metaspace       used 64018K, capacity 65744K, committed 65968K, reserved 1105920K
  class space    used 8421K, capacity 9115K, committed 9216K, reserved 1048576K
}
Event: 14.835 GC heap before
{Heap before GC invocations=28 (full 0):
 garbage-first heap   total 78848K, used 47435K [0x0000000082200000, 0x0000000100000000)
  region size 1024K, 19 young (19456K), 5 survivors (5120K)
 Metaspace       used 64059K, capacity 65808K, committed 65968K, reserved 1105920K
  class space    used 8422K, capacity 9115K, committed 9216K, reserved 1048576K
}
Event: 14.843 GC heap after
{Heap after GC invocations=29 (full 0):
 garbage-first heap   total 78848K, used 35417K [0x0000000082200000, 0x0000000100000000)
  region size 1024K, 4 young (4096K), 4 survivors (4096K)
 Metaspace       used 64059K, capacity 65808K, committed 65968K, reserved 1105920K
  class space    used 8422K, capacity 9115K, committed 9216K, reserved 1048576K
}
Event: 15.101 GC heap before
{Heap before GC invocations=30 (full 0):
 garbage-first heap   total 78848K, used 54873K [0x0000000082200000, 0x0000000100000000)
  region size 1024K, 24 young (24576K), 4 survivors (4096K)
 Metaspace       used 64120K, capacity 65881K, committed 66224K, reserved 1105920K
  class space    used 8434K, capacity 9118K, committed 9216K, reserved 1048576K
}
Event: 15.106 GC heap after
{Heap after GC invocations=31 (full 0):
 garbage-first heap   total 78848K, used 40066K [0x0000000082200000, 0x0000000100000000)
  region size 1024K, 3 young (3072K), 3 survivors (3072K)
 Metaspace       used 64120K, capacity 65881K, committed 66224K, reserved 1105920K
  class space    used 8434K, capacity 9118K, committed 9216K, reserved 1048576K
}
Event: 15.113 GC heap before
{Heap before GC invocations=31 (full 0):
 garbage-first heap   total 78848K, used 41090K [0x0000000082200000, 0x0000000100000000)
  region size 1024K, 5 young (5120K), 3 survivors (3072K)
 Metaspace       used 64120K, capacity 65881K, committed 66224K, reserved 1105920K
  class space    used 8434K, capacity 9118K, committed 9216K, reserved 1048576K
}
Event: 15.117 GC heap after
{Heap after GC invocations=32 (full 0):
 garbage-first heap   total 95232K, used 41189K [0x0000000082200000, 0x0000000100000000)
  region size 1024K, 1 young (1024K), 1 survivors (1024K)
 Metaspace       used 64120K, capacity 65881K, committed 66224K, reserved 1105920K
  class space    used 8434K, capacity 9118K, committed 9216K, reserved 1048576K
}
Event: 15.169 GC heap before
{Heap before GC invocations=32 (full 0):
 garbage-first heap   total 102400K, used 59621K [0x0000000082200000, 0x0000000100000000)
  region size 1024K, 19 young (19456K), 1 survivors (1024K)
 Metaspace       used 64139K, capacity 65881K, committed 66224K, reserved 1105920K
  class space    used 8434K, capacity 9118K, committed 9216K, reserved 1048576K
}
Event: 15.176 GC heap after
{Heap after GC invocations=33 (full 0):
 garbage-first heap   total 102400K, used 45157K [0x0000000082200000, 0x0000000100000000)
  region size 1024K, 3 young (3072K), 3 survivors (3072K)
 Metaspace       used 64139K, capacity 65881K, committed 66224K, reserved 1105920K
  class space    used 8434K, capacity 9118K, committed 9216K, reserved 1048576K
}
Event: 15.624 GC heap before
{Heap before GC invocations=34 (full 0):
 garbage-first heap   total 102400K, used 65637K [0x0000000082200000, 0x0000000100000000)
  region size 1024K, 23 young (23552K), 3 survivors (3072K)
 Metaspace       used 64174K, capacity 65945K, committed 66224K, reserved 1105920K
  class space    used 8434K, capacity 9118K, committed 9216K, reserved 1048576K
}
Event: 15.643 GC heap after
{Heap after GC invocations=35 (full 0):
 garbage-first heap   total 102400K, used 49498K [0x0000000082200000, 0x0000000100000000)
  region size 1024K, 3 young (3072K), 3 survivors (3072K)
 Metaspace       used 64174K, capacity 65945K, committed 66224K, reserved 1105920K
  class space    used 8434K, capacity 9118K, committed 9216K, reserved 1048576K
}
Event: 15.980 GC heap before
{Heap before GC invocations=35 (full 0):
 garbage-first heap   total 102400K, used 54618K [0x0000000082200000, 0x0000000100000000)
  region size 1024K, 10 young (10240K), 3 survivors (3072K)
 Metaspace       used 64192K, capacity 65945K, committed 66224K, reserved 1105920K
  class space    used 8434K, capacity 9118K, committed 9216K, reserved 1048576K
}
Event: 15.984 GC heap after
{Heap after GC invocations=36 (full 0):
 garbage-first heap   total 102400K, used 51428K [0x0000000082200000, 0x0000000100000000)
  region size 1024K, 2 young (2048K), 2 survivors (2048K)
 Metaspace       used 64192K, capacity 65945K, committed 66224K, reserved 1105920K
  class space    used 8434K, capacity 9118K, committed 9216K, reserved 1048576K
}
Event: 16.083 GC heap before
{Heap before GC invocations=37 (full 0):
 garbage-first heap   total 111616K, used 71908K [0x0000000082200000, 0x0000000100000000)
  region size 1024K, 22 young (22528K), 2 survivors (2048K)
 Metaspace       used 64212K, capacity 66009K, committed 66224K, reserved 1105920K
  class space    used 8434K, capacity 9118K, committed 9216K, reserved 1048576K
}
Event: 16.089 GC heap after
{Heap after GC invocations=38 (full 0):
 garbage-first heap   total 134144K, used 55950K [0x0000000082200000, 0x0000000100000000)
  region size 1024K, 3 young (3072K), 3 survivors (3072K)
 Metaspace       used 64212K, capacity 66009K, committed 66224K, reserved 1105920K
  class space    used 8434K, capacity 9118K, committed 9216K, reserved 1048576K
}
Event: 16.347 GC heap before
{Heap before GC invocations=38 (full 0):
 garbage-first heap   total 134144K, used 59022K [0x0000000082200000, 0x0000000100000000)
  region size 1024K, 6 young (6144K), 3 survivors (3072K)
 Metaspace       used 64216K, capacity 66009K, committed 66224K, reserved 1105920K
  class space    used 8434K, capacity 9118K, committed 9216K, reserved 1048576K
}
Event: 16.354 GC heap after
{Heap after GC invocations=39 (full 0):
 garbage-first heap   total 134144K, used 45717K [0x0000000082200000, 0x0000000100000000)
  region size 1024K, 1 young (1024K), 1 survivors (1024K)
 Metaspace       used 64216K, capacity 66009K, committed 66224K, reserved 1105920K
  class space    used 8434K, capacity 9118K, committed 9216K, reserved 1048576K
}

